conda.exe : Cannot 
initialize model with 
low cpu memory usage 
because `accelerate` 
was not found in the 
environment. 
Defaulting to `low_cpu_
mem_usage=False`. It 
is strongly 
recommended to install 
`accelerate` for 
faster and less 
memory-intense model 
loading. You can do so 
with: 
At C:\Users\faris3\AppD
ata\Local\miniconda3\sh
ell\condabin\Conda.psm1
:153 char:17
+ ...             & 
$Env:CONDA_EXE 
$Env:_CE_M 
$Env:_CE_CONDA 
$Command @Othe ...
+                 ~~~~~
~~~~~~~~~~~~~~~~~~~~~~~
~~~~~~~~~~~~~~~~~~~~~~~
~~~~~~
    + CategoryInfo     
         : NotSpecifi  
  ed: (Cannot initia   
 li...an do so with    
: :String) [], Rem    
oteException
    + FullyQualifiedEr 
   rorId : NativeComm  
  andError
 
```
pip install accelerate
```
.
C:\Users\faris3\AppData
\Local\miniconda3\envs\
magicface\lib\site-pack
ages\huggingface_hub\fi
le_download.py:1142: 
FutureWarning: 
`resume_download` is 
deprecated and will be 
removed in version 
1.0.0. Downloads 
always resume when 
possible. If you want 
to force a new 
download, use 
`force_download=True`.
  warnings.warn(
C:\Users\faris3\AppData
\Local\miniconda3\envs\
magicface\lib\site-pack
ages\torch\cuda\__init_
_.py:215: UserWarning: 
NVIDIA GeForce RTX 
5070 Ti with CUDA 
capability sm_120 is 
not compatible with 
the current PyTorch 
installation.
The current PyTorch 
install supports CUDA 
capabilities sm_37 
sm_50 sm_60 sm_61 
sm_70 sm_75 sm_80 
sm_86 sm_90 compute_37.
If you want to use the 
NVIDIA GeForce RTX 
5070 Ti GPU with 
PyTorch, please check 
the instructions at htt
ps://pytorch.org/get-st
arted/locally/

  warnings.warn(
Cannot initialize 
model with low cpu 
memory usage because 
`accelerate` was not 
found in the 
environment. 
Defaulting to `low_cpu_
mem_usage=False`. It 
is strongly 
recommended to install 
`accelerate` for 
faster and less 
memory-intense model 
loading. You can do so 
with: 
```
pip install accelerate
```
.

Loading pipeline 
components...:   0%|   
       | 0/5 [00:00<?, 
?it/s]
Loading pipeline 
components...: 100%|Γûê
ΓûêΓûêΓûêΓûêΓûêΓûêΓûêΓû
êΓûê| 5/5 
[00:00<00:00, 
11.16it/s]
Loading pipeline 
components...: 100%|Γûê
ΓûêΓûêΓûêΓûêΓûêΓûêΓûêΓû
êΓûê| 5/5 
[00:00<00:00, 
11.16it/s]
You have disabled the 
safety checker for 
<class 'mgface.pipeline
s_mgface.pipeline_mgfac
e.MgPipeline'> by 
passing 
`safety_checker=None`. 
Ensure that you abide 
to the conditions of 
the Stable Diffusion 
license and do not 
expose unfiltered 
results in services or 
applications open to 
the public. Both the 
diffusers team and 
Hugging Face strongly 
recommend to keep the 
safety filter enabled 
in all public facing 
circumstances, 
disabling it only for 
use-cases that involve 
analyzing network 
behavior or auditing 
its results. For more 
information, please 
have a look at https://
github.com/huggingface/
diffusers/pull/254 .
Traceback (most recent 
call last):
  File "C:\Users\faris3
\MagicFace\inference.py
", line 274, in 
<module>
    main(args)
  File "C:\Users\faris3
\MagicFace\inference.py
", line 243, in main
    samples = pipeline(
  File "C:\Users\faris3
\AppData\Local\minicond
a3\envs\magicface\lib\s
ite-packages\torch\util
s\_contextlib.py", 
line 115, in 
decorate_context
    return func(*args, 
**kwargs)
  File "C:\Users\faris3
\MagicFace\mgface\pipel
ines_mgface\pipeline_mg
face.py", line 275, in 
__call__
    noise_pred = 
self.unet_deno(
  File "C:\Users\faris3
\AppData\Local\minicond
a3\envs\magicface\lib\s
ite-packages\torch\nn\m
odules\module.py", 
line 1518, in 
_wrapped_call_impl
    return 
self._call_impl(*args, 
**kwargs)
  File "C:\Users\faris3
\AppData\Local\minicond
a3\envs\magicface\lib\s
ite-packages\torch\nn\m
odules\module.py", 
line 1527, in 
_call_impl
    return 
forward_call(*args, 
**kwargs)
  File "C:\Users\faris3
\MagicFace\mgface\pipel
ines_mgface\unet_deno_2
d_condition.py", line 
818, in forward
    comb = 
torch.cat([sample, 
bg], dim=1)
RuntimeError: Sizes of 
tensors must match 
except in dimension 1. 
Expected size 128 but 
got size 64 for tensor 
number 1 in the list.
ERROR conda.cli.main_ru
n:execute(142): `conda 
run python 
inference.py 
--img_path ./test_image
s/processed_identities/
WM_5.jpg --bg_path ./te
st_images/00381_bg.png 
--au_test AU4+AU5+AU9 
--AU_variation 5+3+3 
--saved_path 
angry_test_results 
--inference_steps 1` 
failed. (See above for 
error)
you are testing editing with AU combinations
[0. 0. 5. 3. 0. 3. 0. 0. 0. 0. 0. 0.]
